\BOOKMARK [1][-]{table.caption.1}{\376\377\004\040\004\025\004\044\004\025\004\040\004\020\004\042}{}% 1
\BOOKMARK [1][-]{table.caption.1}{\376\377\004\022\004\022\004\025\004\024\004\025\004\035\004\030\004\025}{}% 2
\BOOKMARK [1][-]{section.1}{\376\377\004\020\004\075\004\060\004\073\004\070\004\102\004\070\004\107\004\065\004\101\004\072\004\070\004\071\000\040\004\100\004\060\004\067\004\064\004\065\004\073}{}% 3
\BOOKMARK [2][-]{subsection.1.1}{\376\377\004\042\004\065\004\074\004\077\000,\000\040\004\100\004\070\004\102\004\074\000\040\004\070\000\040\004\074\004\065\004\102\004\100}{section.1}% 4
\BOOKMARK [2][-]{subsection.1.2}{\376\377\004\037\004\100\004\076\004\061\004\073\004\065\004\074\004\060\000\040\004\076\004\077\004\100\004\065\004\064\004\065\004\073\004\065\004\075\004\070\004\117\000\040\004\100\004\070\004\102\004\074\004\060\000\040\004\070\000\040\004\102\004\065\004\074\004\077\004\060}{section.1}% 5
\BOOKMARK [2][-]{subsection.1.3}{\376\377\004\024\004\070\004\101\004\072\004\100\004\065\004\102\004\075\004\076\004\065\000\040\004\062\004\065\004\071\004\062\004\073\004\065\004\102\000-\004\077\004\100\004\065\004\076\004\061\004\100\004\060\004\067\004\076\004\062\004\060\004\075\004\070\004\065}{section.1}% 6
\BOOKMARK [3][-]{subsubsection.1.3.1}{\376\377\004\036\004\061\004\111\004\070\004\065\000\040\004\101\004\062\004\065\004\064\004\065\004\075\004\070\004\117}{subsection.1.3}% 7
\BOOKMARK [3][-]{subsubsection.1.3.2}{\376\377\004\036\004\077\004\100\004\065\004\064\004\065\004\073\004\065\004\075\004\070\004\065\000\040\004\100\004\070\004\102\004\074\004\060\000\040\004\070\000\040\004\102\004\065\004\074\004\077\004\060}{subsection.1.3}% 8
\BOOKMARK [2][-]{subsection.1.4}{\376\377\004\041\004\072\004\100\004\113\004\102\004\113\004\065\000\040\004\074\004\076\004\064\004\065\004\073\004\070\000\040\004\034\004\060\004\100\004\072\004\076\004\062\004\060}{section.1}% 9
\BOOKMARK [3][-]{subsubsection.1.4.1}{\376\377\004\041\004\102\004\076\004\105\004\060\004\101\004\102\004\070\004\107\004\065\004\101\004\072\004\076\004\065\000\040\004\074\004\076\004\064\004\065\004\073\004\070\004\100\004\076\004\062\004\060\004\075\004\070\004\065}{subsection.1.4}% 10
\BOOKMARK [3][-]{subsubsection.1.4.2}{\376\377\004\036\004\077\004\100\004\065\004\064\004\065\004\073\004\065\004\075\004\070\004\065\000\040\004\100\004\070\004\102\004\074\004\060}{subsection.1.4}% 11
\BOOKMARK [2][-]{subsection.1.5}{\376\377\004\021\004\060\004\071\004\065\004\101\004\076\004\062\004\101\004\072\004\076\004\065\000\040\004\070\004\065\004\100\004\060\004\100\004\105\004\070\004\107\004\065\004\101\004\072\004\076\004\065\000\040\004\074\004\076\004\064\004\065\004\073\004\070\004\100\004\076\004\062\004\060\004\075\004\070\004\065}{section.1}% 12
\BOOKMARK [3][-]{subsubsection.1.5.1}{\376\377\004\036\004\061\004\111\004\070\004\065\000\040\004\101\004\062\004\065\004\064\004\065\004\075\004\070\004\117}{subsection.1.5}% 13
\BOOKMARK [3][-]{subsubsection.1.5.2}{\376\377\004\036\004\077\004\100\004\065\004\064\004\065\004\073\004\065\004\075\004\070\004\065\000\040\004\102\004\065\004\074\004\077\004\060\000\040\004\070\000\040\004\100\004\070\004\102\004\074\004\060}{subsection.1.5}% 14
\BOOKMARK [2][-]{subsection.1.6}{\376\377\004\030\004\101\004\077\004\076\004\073\004\114\004\067\004\076\004\062\004\060\004\075\004\070\004\065\000\040\004\101\004\062\004\065\004\100\004\102\004\076\004\107\004\075\004\113\004\105\000\040\004\075\004\065\004\071\004\100\004\076\004\101\004\065\004\102\004\065\004\071}{section.1}% 15
\BOOKMARK [3][-]{subsubsection.1.6.1}{\376\377\004\037\004\100\004\065\004\064\004\101\004\102\004\060\004\062\004\073\004\065\004\075\004\070\004\065\000\040\004\101\004\070\004\063\004\075\004\060\004\073\004\060}{subsection.1.6}% 16
\BOOKMARK [3][-]{subsubsection.1.6.2}{\376\377\004\020\004\100\004\105\004\070\004\102\004\065\004\072\004\102\004\103\004\100\004\060\000\040\004\101\004\065\004\102\004\070}{subsection.1.6}% 17
\BOOKMARK [2][-]{subsection.1.7}{\376\377\004\041\004\100\004\060\004\062\004\075\004\065\004\075\004\070\004\065\000\040\004\074\004\065\004\102\004\076\004\064\004\076\004\062}{section.1}% 18
\BOOKMARK [1][-]{section.2}{\376\377\004\032\004\076\004\075\004\101\004\102\004\100\004\103\004\072\004\102\004\076\004\100\004\101\004\072\004\070\004\071\000\040\004\100\004\060\004\067\004\064\004\065\004\073}{}% 19
\BOOKMARK [2][-]{subsection.2.1}{\376\377\004\036\004\077\004\100\004\065\004\064\004\065\004\073\004\065\004\075\004\070\004\065\000\040\004\077\004\065\004\100\004\065\004\074\004\065\004\075\004\075\004\076\004\063\004\076\000\040\004\102\004\065\004\074\004\077\004\060}{section.2}% 20
\BOOKMARK [2][-]{subsection.2.2}{\376\377\004\036\004\077\004\100\004\065\004\064\004\065\004\073\004\065\004\075\004\070\004\065\000\040\004\077\004\065\004\100\004\065\004\074\004\065\004\075\004\075\004\076\004\063\004\076\000\040\004\102\004\060\004\072\004\102\004\076\004\062\004\076\004\063\004\076\000\040\004\100\004\060\004\067\004\074\004\065\004\100\004\060}{section.2}% 21
\BOOKMARK [2][-]{subsection.2.3}{\376\377\004\041\004\102\004\100\004\103\004\072\004\102\004\103\004\100\004\113\000\040\004\064\004\060\004\075\004\075\004\113\004\105}{section.2}% 22
\BOOKMARK [2][-]{subsection.2.4}{\376\377\004\041\004\102\004\100\004\103\004\072\004\102\004\103\004\100\004\060\000\040\004\037\004\036}{section.2}% 23
\BOOKMARK [1][-]{section.3}{\376\377\004\042\004\065\004\105\004\075\004\076\004\073\004\076\004\063\004\070\004\107\004\065\004\101\004\072\004\070\004\071\000\040\004\100\004\060\004\067\004\064\004\065\004\073}{}% 24
\BOOKMARK [2][-]{subsection.3.1}{\376\377\004\022\004\113\004\061\004\076\004\100\000\040\004\101\004\100\004\065\004\064\004\101\004\102\004\062\000\040\004\077\004\100\004\076\004\063\004\100\004\060\004\074\004\074\004\075\004\076\004\071\000\040\004\100\004\065\004\060\004\073\004\070\004\067\004\060\004\106\004\070\004\070}{section.3}% 25
\BOOKMARK [2][-]{subsection.3.2}{\376\377\004\024\004\065\004\102\004\060\004\073\004\070\000\040\004\100\004\065\004\060\004\073\004\070\004\067\004\060\004\106\004\070\004\070}{section.3}% 26
\BOOKMARK [3][-]{subsubsection.3.2.1}{\376\377\004\021\004\060\004\071\004\065\004\101\004\076\004\062\004\101\004\072\004\070\004\065\000\040\004\074\004\076\004\064\004\065\004\073\004\070}{subsection.3.2}% 27
\BOOKMARK [3][-]{subsubsection.3.2.2}{\376\377\004\040\004\060\004\067\004\064\004\065\004\073\004\065\004\075\004\070\004\065\000\040\004\060\004\103\004\064\004\070\004\076\004\104\004\060\004\071\004\073\004\060}{subsection.3.2}% 28
\BOOKMARK [3][-]{subsubsection.3.2.3}{\376\377\004\036\004\077\004\100\004\065\004\064\004\065\004\073\004\065\004\075\004\070\004\065\000\040\004\064\004\070\004\060\004\077\004\060\004\067\004\076\004\075\004\060\000\040\004\100\004\060\004\067\004\074\004\065\004\100\004\076\004\062}{subsection.3.2}% 29
\BOOKMARK [2][-]{subsection.3.3}{\376\377\004\037\004\076\004\073\004\114\004\067\004\076\004\062\004\060\004\102\004\065\004\073\004\114\004\101\004\072\004\070\004\071\000\040\004\070\004\075\004\102\004\065\004\100\004\104\004\065\004\071\004\101}{section.3}% 30
\BOOKMARK [2][-]{subsection.3.4}{\376\377\004\042\004\065\004\101\004\102\004\070\004\100\004\076\004\062\004\060\004\075\004\070\004\065\000\040\004\077\004\100\004\070\004\073\004\076\004\066\004\065\004\075\004\070\004\117}{section.3}% 31
\BOOKMARK [1][-]{section.4}{\376\377\004\030\004\101\004\101\004\073\004\065\004\064\004\076\004\062\004\060\004\102\004\065\004\073\004\114\004\101\004\072\004\070\004\071\000\040\004\100\004\060\004\067\004\064\004\065\004\073}{}% 32
\BOOKMARK [2][-]{subsection.4.1}{\376\377\004\041\004\100\004\060\004\062\004\075\004\065\004\075\004\070\004\065\000\040\004\100\004\065\004\067\004\103\004\073\004\114\004\102\004\060\004\102\004\076\004\062\000\040\004\100\004\060\004\061\004\076\004\102\004\113\000\040\004\074\004\065\004\102\004\076\004\064\004\060\000\040\004\101\000\040\004\101\004\103\004\111\004\065\004\101\004\102\004\062\004\103\004\116\004\111\004\070\004\074\000\040\004\060\004\075\004\060\004\073\004\076\004\063\004\076\004\074}{section.4}% 33
\BOOKMARK [2][-]{subsection.4.2}{\376\377\004\037\004\100\004\070\004\074\004\065\004\075\004\070\004\074\004\076\004\101\004\102\004\114\000\040\004\037\004\036\000\040\004\064\004\073\004\117\000\040\004\060\004\103\004\064\004\070\004\076\004\067\004\060\004\077\004\070\004\101\004\065\004\071\000\040\004\101\000\040\004\100\004\060\004\067\004\075\004\113\004\074\000\040\004\075\004\060\004\061\004\076\004\100\004\076\004\074\000\040\004\070\004\075\004\101\004\102\004\100\004\103\004\074\004\065\004\075\004\102\004\076\004\062}{section.4}% 34
\BOOKMARK [2][-]{subsection.4.3}{\376\377\004\037\004\100\004\070\004\074\004\065\004\075\004\070\004\074\004\076\004\101\004\102\004\114\000\040\004\037\004\036\000\040\004\064\004\073\004\117\000\040\004\074\004\103\004\067\004\113\004\072\004\070\000\040\004\100\004\060\004\067\004\075\004\113\004\105\000\040\004\066\004\060\004\075\004\100\004\076\004\062}{section.4}% 35
\BOOKMARK [2][-]{subsection.4.4}{\376\377\004\036\004\106\004\065\004\075\004\072\004\060\000\040\004\100\004\060\004\067\004\100\004\060\004\061\004\076\004\102\004\060\004\075\004\075\004\076\004\063\004\076\000\040\004\074\004\065\004\102\004\076\004\064\004\060}{section.4}% 36
\BOOKMARK [1][-]{subsection.4.4}{\376\377\004\027\004\020\004\032\004\033\004\056\004\047\004\025\004\035\004\030\004\025}{}% 37
\BOOKMARK [1][-]{subsection.4.4}{\376\377\004\041\004\037\004\030\004\041\004\036\004\032\000\040\004\030\004\041\004\037\004\036\004\033\004\054\004\027\004\036\004\022\004\020\004\035\004\035\004\053\004\045\000\040\004\030\004\041\004\042\004\036\004\047\004\035\004\030\004\032\004\036\004\022}{}% 38
\BOOKMARK [1][-]{subsection.4.4}{\376\377\004\037\004\040\004\030\004\033\004\036\004\026\004\025\004\035\004\030\004\025\000\040\004\020}{}% 39
\BOOKMARK [1][-]{lstnumber.-4.26}{\376\377\004\037\004\040\004\030\004\033\004\036\004\026\004\025\004\035\004\030\004\025\000\040\004\021}{}% 40
\BOOKMARK [1][-]{lstnumber.7.31}{\376\377\004\037\004\040\004\030\004\033\004\036\004\026\004\025\004\035\004\030\004\025\000\040\004\022}{}% 41
